C:\USERS\RP4K\DESKTOP\KASHIF_MEGAMAN\KASHIF_MEGAMAN\DEBUG\KASHIF_MEGAMAN.PCH
C:\USERS\RP4K\DESKTOP\KASHIF_MEGAMAN\KASHIF_MEGAMAN\DEBUG\STDAFX.OBJ
C:\USERS\RP4K\DESKTOP\KASHIF_MEGAMAN\KASHIF_MEGAMAN\DEBUG\VC100.PDB
C:\USERS\RP4K\DESKTOP\KASHIF_MEGAMAN\KASHIF_MEGAMAN\DEBUG\VC110.PDB
C:\USERS\RP4K\DESKTOP\KASHIF_MEGAMAN\KASHIF_MEGAMAN\DEBUG\KASHIF_MEGAMAN.OBJ
C:\USERS\RP4K\DESKTOP\KASHIF_MEGAMAN\KASHIF_MEGAMAN\DEBUG\MEGAMANOBJECT.OBJ
C:\USERS\RP4K\DESKTOP\KASHIF_MEGAMAN\KASHIF_MEGAMAN\DEBUG\GRAPHICSOBJECT.OBJ
C:\USERS\RP4K\DESKTOP\KASHIF_MEGAMAN\KASHIF_MEGAMAN\DEBUG\BACKGROUNDOBJECT.OBJ
C:\USERS\RP4K\DESKTOP\KASHIF_MEGAMAN\KASHIF_MEGAMAN\DEBUG\BULLETOBJECT.OBJ
C:\USERS\RP4K\DESKTOP\KASHIF_MEGAMAN\KASHIF_MEGAMAN\DEBUG\WEAPONSOBJECT.OBJ
C:\USERS\RP4K\DESKTOP\KASHIF_MEGAMAN\KASHIF_MEGAMAN\DEBUG\BLUEBULLET.OBJ
C:\USERS\RP4K\DESKTOP\KASHIF_MEGAMAN\KASHIF_MEGAMAN\DEBUG\REDBULLET.OBJ
C:\USERS\RP4K\DESKTOP\KASHIF_MEGAMAN\KASHIF_MEGAMAN\DEBUG\GROUNDENEMY.OBJ
C:\USERS\RP4K\DESKTOP\KASHIF_MEGAMAN\DEBUG\KASHIF_MEGAMAN.ILK
C:\USERS\RP4K\DESKTOP\KASHIF_MEGAMAN\DEBUG\KASHIF_MEGAMAN.EXE
C:\USERS\RP4K\DESKTOP\KASHIF_MEGAMAN\KASHIF_MEGAMAN\DEBUG\KASHIF_MEGAMAN.EXE.INTERMEDIATE.MANIFEST
C:\USERS\RP4K\DESKTOP\KASHIF_MEGAMAN\DEBUG\KASHIF_MEGAMAN.PDB
C:\USERS\RP4K\DESKTOP\KASHIF_MEGAMAN\KASHIF_MEGAMAN\DEBUG\KASHIF_MEGAMAN.EXE.EMBED.MANIFEST.RES
C:\USERS\RP4K\DESKTOP\KASHIF_MEGAMAN\KASHIF_MEGAMAN\DEBUG\KASHIF_MEGAMAN.RES
C:\Users\RP4K\Desktop\Kashif_MegaMan\Kashif_MegaMan\Debug\BackgroundObject.obj
C:\Users\RP4K\Desktop\Kashif_MegaMan\Kashif_MegaMan\Debug\BlueBullet.obj
C:\Users\RP4K\Desktop\Kashif_MegaMan\Kashif_MegaMan\Debug\BulletObject.obj
C:\Users\RP4K\Desktop\Kashif_MegaMan\Kashif_MegaMan\Debug\GraphicsObject.obj
C:\Users\RP4K\Desktop\Kashif_MegaMan\Kashif_MegaMan\Debug\GroundEnemy.obj
C:\Users\RP4K\Desktop\Kashif_MegaMan\Kashif_MegaMan\Debug\Kashif_MegaMan.obj
C:\Users\RP4K\Desktop\Kashif_MegaMan\Kashif_MegaMan\Debug\MegamanObject.obj
C:\Users\RP4K\Desktop\Kashif_MegaMan\Kashif_MegaMan\Debug\RedBullet.obj
C:\Users\RP4K\Desktop\Kashif_MegaMan\Kashif_MegaMan\Debug\stdafx.obj
C:\Users\RP4K\Desktop\Kashif_MegaMan\Kashif_MegaMan\Debug\WeaponsObject.obj
C:\Users\RP4K\Desktop\Kashif_MegaMan\Kashif_MegaMan\Debug\cl.command.1.tlog
C:\Users\RP4K\Desktop\Kashif_MegaMan\Kashif_MegaMan\Debug\CL.read.1.tlog
C:\Users\RP4K\Desktop\Kashif_MegaMan\Kashif_MegaMan\Debug\CL.write.1.tlog
C:\Users\RP4K\Desktop\Kashif_MegaMan\Kashif_MegaMan\Debug\link-cvtres.read.1.tlog
C:\Users\RP4K\Desktop\Kashif_MegaMan\Kashif_MegaMan\Debug\link-cvtres.write.1.tlog
C:\Users\RP4K\Desktop\Kashif_MegaMan\Kashif_MegaMan\Debug\link-rc.read.1.tlog
C:\Users\RP4K\Desktop\Kashif_MegaMan\Kashif_MegaMan\Debug\link-rc.write.1.tlog
C:\Users\RP4K\Desktop\Kashif_MegaMan\Kashif_MegaMan\Debug\link.1252-cvtres.read.1.tlog
C:\Users\RP4K\Desktop\Kashif_MegaMan\Kashif_MegaMan\Debug\link.1252-cvtres.write.1.tlog
C:\Users\RP4K\Desktop\Kashif_MegaMan\Kashif_MegaMan\Debug\link.1252.read.1.tlog
C:\Users\RP4K\Desktop\Kashif_MegaMan\Kashif_MegaMan\Debug\link.1252.write.1.tlog
C:\Users\RP4K\Desktop\Kashif_MegaMan\Kashif_MegaMan\Debug\link.1312-cvtres.read.1.tlog
C:\Users\RP4K\Desktop\Kashif_MegaMan\Kashif_MegaMan\Debug\link.1312-cvtres.write.1.tlog
C:\Users\RP4K\Desktop\Kashif_MegaMan\Kashif_MegaMan\Debug\link.1312.read.1.tlog
C:\Users\RP4K\Desktop\Kashif_MegaMan\Kashif_MegaMan\Debug\link.1312.write.1.tlog
C:\Users\RP4K\Desktop\Kashif_MegaMan\Kashif_MegaMan\Debug\link.1592-cvtres.read.1.tlog
C:\Users\RP4K\Desktop\Kashif_MegaMan\Kashif_MegaMan\Debug\link.1592-cvtres.write.1.tlog
C:\Users\RP4K\Desktop\Kashif_MegaMan\Kashif_MegaMan\Debug\link.1592.read.1.tlog
C:\Users\RP4K\Desktop\Kashif_MegaMan\Kashif_MegaMan\Debug\link.1592.write.1.tlog
C:\Users\RP4K\Desktop\Kashif_MegaMan\Kashif_MegaMan\Debug\link.1736-cvtres.read.1.tlog
C:\Users\RP4K\Desktop\Kashif_MegaMan\Kashif_MegaMan\Debug\link.1736-cvtres.write.1.tlog
C:\Users\RP4K\Desktop\Kashif_MegaMan\Kashif_MegaMan\Debug\link.1736.read.1.tlog
C:\Users\RP4K\Desktop\Kashif_MegaMan\Kashif_MegaMan\Debug\link.1736.write.1.tlog
C:\Users\RP4K\Desktop\Kashif_MegaMan\Kashif_MegaMan\Debug\link.3328-cvtres.read.1.tlog
C:\Users\RP4K\Desktop\Kashif_MegaMan\Kashif_MegaMan\Debug\link.3328-cvtres.write.1.tlog
C:\Users\RP4K\Desktop\Kashif_MegaMan\Kashif_MegaMan\Debug\link.3328.read.1.tlog
C:\Users\RP4K\Desktop\Kashif_MegaMan\Kashif_MegaMan\Debug\link.3328.write.1.tlog
C:\Users\RP4K\Desktop\Kashif_MegaMan\Kashif_MegaMan\Debug\link.3364-cvtres.read.1.tlog
C:\Users\RP4K\Desktop\Kashif_MegaMan\Kashif_MegaMan\Debug\link.3364-cvtres.write.1.tlog
C:\Users\RP4K\Desktop\Kashif_MegaMan\Kashif_MegaMan\Debug\link.3364.read.1.tlog
C:\Users\RP4K\Desktop\Kashif_MegaMan\Kashif_MegaMan\Debug\link.3364.write.1.tlog
C:\Users\RP4K\Desktop\Kashif_MegaMan\Kashif_MegaMan\Debug\link.3420-cvtres.read.1.tlog
C:\Users\RP4K\Desktop\Kashif_MegaMan\Kashif_MegaMan\Debug\link.3420-cvtres.write.1.tlog
C:\Users\RP4K\Desktop\Kashif_MegaMan\Kashif_MegaMan\Debug\link.3420.read.1.tlog
C:\Users\RP4K\Desktop\Kashif_MegaMan\Kashif_MegaMan\Debug\link.3420.write.1.tlog
C:\Users\RP4K\Desktop\Kashif_MegaMan\Kashif_MegaMan\Debug\link.3616-cvtres.read.1.tlog
C:\Users\RP4K\Desktop\Kashif_MegaMan\Kashif_MegaMan\Debug\link.3616-cvtres.write.1.tlog
C:\Users\RP4K\Desktop\Kashif_MegaMan\Kashif_MegaMan\Debug\link.3616.read.1.tlog
C:\Users\RP4K\Desktop\Kashif_MegaMan\Kashif_MegaMan\Debug\link.3616.write.1.tlog
C:\Users\RP4K\Desktop\Kashif_MegaMan\Kashif_MegaMan\Debug\link.3872-cvtres.read.1.tlog
C:\Users\RP4K\Desktop\Kashif_MegaMan\Kashif_MegaMan\Debug\link.3872-cvtres.write.1.tlog
C:\Users\RP4K\Desktop\Kashif_MegaMan\Kashif_MegaMan\Debug\link.3872.read.1.tlog
C:\Users\RP4K\Desktop\Kashif_MegaMan\Kashif_MegaMan\Debug\link.3872.write.1.tlog
C:\Users\RP4K\Desktop\Kashif_MegaMan\Kashif_MegaMan\Debug\link.3896-cvtres.read.1.tlog
C:\Users\RP4K\Desktop\Kashif_MegaMan\Kashif_MegaMan\Debug\link.3896-cvtres.write.1.tlog
C:\Users\RP4K\Desktop\Kashif_MegaMan\Kashif_MegaMan\Debug\link.3896.read.1.tlog
C:\Users\RP4K\Desktop\Kashif_MegaMan\Kashif_MegaMan\Debug\link.3896.write.1.tlog
C:\Users\RP4K\Desktop\Kashif_MegaMan\Kashif_MegaMan\Debug\link.7048-cvtres.read.1.tlog
C:\Users\RP4K\Desktop\Kashif_MegaMan\Kashif_MegaMan\Debug\link.7048-cvtres.write.1.tlog
C:\Users\RP4K\Desktop\Kashif_MegaMan\Kashif_MegaMan\Debug\link.7048.read.1.tlog
C:\Users\RP4K\Desktop\Kashif_MegaMan\Kashif_MegaMan\Debug\link.7048.write.1.tlog
C:\Users\RP4K\Desktop\Kashif_MegaMan\Kashif_MegaMan\Debug\link.command.1.tlog
C:\Users\RP4K\Desktop\Kashif_MegaMan\Kashif_MegaMan\Debug\link.read.1.tlog
C:\Users\RP4K\Desktop\Kashif_MegaMan\Kashif_MegaMan\Debug\link.write.1.tlog
C:\Users\RP4K\Desktop\Kashif_MegaMan\Kashif_MegaMan\Debug\mt.command.1.tlog
C:\Users\RP4K\Desktop\Kashif_MegaMan\Kashif_MegaMan\Debug\mt.read.1.tlog
C:\Users\RP4K\Desktop\Kashif_MegaMan\Kashif_MegaMan\Debug\mt.write.1.tlog
C:\Users\RP4K\Desktop\Kashif_MegaMan\Kashif_MegaMan\Debug\rc.command.1.tlog
C:\Users\RP4K\Desktop\Kashif_MegaMan\Kashif_MegaMan\Debug\rc.read.1.tlog
C:\Users\RP4K\Desktop\Kashif_MegaMan\Kashif_MegaMan\Debug\rc.write.1.tlog
C:\Users\RP4K\Desktop\Kashif_MegaMan\Kashif_MegaMan\Debug\Kashif_MegaMan.exe.embed.manifest
C:\Users\RP4K\Desktop\Kashif_MegaMan\Kashif_MegaMan\Debug\Kashif_MegaMan.exe.intermediate.manifest
C:\Users\RP4K\Desktop\Kashif_MegaMan\Kashif_MegaMan\Debug\Kashif_MegaMan.exe.embed.manifest.res
C:\Users\RP4K\Desktop\Kashif_MegaMan\Kashif_MegaMan\Debug\Kashif_MegaMan.res
C:\Users\RP4K\Desktop\Kashif_MegaMan\Kashif_MegaMan\Debug\Kashif_MegaMan.pch
C:\Users\RP4K\Desktop\Kashif_MegaMan\Kashif_MegaMan\Debug\vc100.idb
C:\Users\RP4K\Desktop\Kashif_MegaMan\Kashif_MegaMan\Debug\vc110.idb
C:\Users\RP4K\Desktop\Kashif_MegaMan\Kashif_MegaMan\Debug\vc100.pdb
C:\Users\RP4K\Desktop\Kashif_MegaMan\Kashif_MegaMan\Debug\vc110.pdb
C:\Users\RP4K\Desktop\Kashif_MegaMan\Kashif_MegaMan\Debug\Kashif_MegaMan_manifest.rc
C:\Users\RP4K\Desktop\Kashif_MegaMan\Debug\Kashif_MegaMan.pdb
